<?xml version="1.0" encoding="UTF-8"?>
<testsuite name="Test2048" tests="1" skipped="0" failures="0" errors="0" timestamp="2019-06-06T09:44:16" hostname="laptop" time="0.005">
  <properties/>
  <testcase name="test" classname="Test2048" time="0.005"/>
  <system-out><![CDATA[]]></system-out>
  <system-err><![CDATA[]]></system-err>
</testsuite>
